[0.949s] DEBUG:colcon:Command line arguments: ['/usr/bin/colcon', 'build']
[0.949s] DEBUG:colcon:Parsed command line arguments: Namespace(log_base=None, log_level=None, verb_name='build', build_base='build', install_base='install', merge_install=False, symlink_install=False, test_result_base=None, continue_on_error=False, executor='parallel', parallel_workers=6, event_handlers=None, ignore_user_meta=False, metas=['./colcon.meta'], base_paths=['.'], packages_ignore=None, packages_ignore_regex=None, paths=None, packages_up_to=None, packages_up_to_regex=None, packages_above=None, packages_above_and_dependencies=None, packages_above_depth=None, packages_select_by_dep=None, packages_skip_by_dep=None, packages_skip_up_to=None, packages_select_build_failed=False, packages_skip_build_finished=False, packages_select_test_failures=False, packages_skip_test_passed=False, packages_select=None, packages_skip=None, packages_select_regex=None, packages_skip_regex=None, packages_start=None, packages_end=None, allow_overriding=[], cmake_args=None, cmake_target=None, cmake_target_skip_unavailable=False, cmake_clean_cache=False, cmake_clean_first=False, cmake_force_configure=False, ament_cmake_args=None, catkin_cmake_args=None, catkin_skip_building_tests=False, verb_parser=<colcon_defaults.argument_parser.defaults.DefaultArgumentsDecorator object at 0x76ea0c04b490>, verb_extension=<colcon_core.verb.build.BuildVerb object at 0x76ea0c049420>, main=<bound method BuildVerb.main of <colcon_core.verb.build.BuildVerb object at 0x76ea0c049420>>)
[0.998s] Level 1:colcon.colcon_core.package_discovery:discover_packages(colcon_meta) check parameters
[0.998s] Level 1:colcon.colcon_core.package_discovery:discover_packages(recursive) check parameters
[0.998s] Level 1:colcon.colcon_core.package_discovery:discover_packages(ignore) check parameters
[0.998s] Level 1:colcon.colcon_core.package_discovery:discover_packages(path) check parameters
[0.998s] Level 1:colcon.colcon_core.package_discovery:discover_packages(colcon_meta) discover
[0.998s] Level 1:colcon.colcon_core.package_discovery:discover_packages(recursive) discover
[0.998s] INFO:colcon.colcon_core.package_discovery:Crawling recursively for packages in '/home/mcr2/ros2_ws/src'
[0.998s] Level 1:colcon.colcon_core.package_identification:_identify(.) by extensions ['ignore', 'ignore_ament_install']
[0.998s] Level 1:colcon.colcon_core.package_identification:_identify(.) by extension 'ignore'
[0.998s] Level 1:colcon.colcon_core.package_identification:_identify(.) by extension 'ignore_ament_install'
[0.998s] Level 1:colcon.colcon_core.package_identification:_identify(.) by extensions ['colcon_pkg']
[0.998s] Level 1:colcon.colcon_core.package_identification:_identify(.) by extension 'colcon_pkg'
[0.999s] Level 1:colcon.colcon_core.package_identification:_identify(.) by extensions ['colcon_meta']
[0.999s] Level 1:colcon.colcon_core.package_identification:_identify(.) by extension 'colcon_meta'
[0.999s] Level 1:colcon.colcon_core.package_identification:_identify(.) by extensions ['ros']
[0.999s] Level 1:colcon.colcon_core.package_identification:_identify(.) by extension 'ros'
[1.009s] Level 1:colcon.colcon_core.package_identification:_identify(.) by extensions ['cmake', 'python']
[1.009s] Level 1:colcon.colcon_core.package_identification:_identify(.) by extension 'cmake'
[1.009s] Level 1:colcon.colcon_core.package_identification:_identify(.) by extension 'python'
[1.009s] Level 1:colcon.colcon_core.package_identification:_identify(.) by extensions ['python_setup_py']
[1.009s] Level 1:colcon.colcon_core.package_identification:_identify(.) by extension 'python_setup_py'
[1.009s] Level 1:colcon.colcon_core.package_identification:_identify(basic_comms) by extensions ['ignore', 'ignore_ament_install']
[1.009s] Level 1:colcon.colcon_core.package_identification:_identify(basic_comms) by extension 'ignore'
[1.009s] Level 1:colcon.colcon_core.package_identification:_identify(basic_comms) by extension 'ignore_ament_install'
[1.009s] Level 1:colcon.colcon_core.package_identification:_identify(basic_comms) by extensions ['colcon_pkg']
[1.009s] Level 1:colcon.colcon_core.package_identification:_identify(basic_comms) by extension 'colcon_pkg'
[1.009s] Level 1:colcon.colcon_core.package_identification:_identify(basic_comms) by extensions ['colcon_meta']
[1.009s] Level 1:colcon.colcon_core.package_identification:_identify(basic_comms) by extension 'colcon_meta'
[1.009s] Level 1:colcon.colcon_core.package_identification:_identify(basic_comms) by extensions ['ros']
[1.009s] Level 1:colcon.colcon_core.package_identification:_identify(basic_comms) by extension 'ros'
[1.012s] DEBUG:colcon.colcon_core.package_identification:Package 'basic_comms' with type 'ros.ament_python' and name 'basic_comms'
[1.012s] Level 1:colcon.colcon_core.package_identification:_identify(build) by extensions ['ignore', 'ignore_ament_install']
[1.012s] Level 1:colcon.colcon_core.package_identification:_identify(build) by extension 'ignore'
[1.012s] Level 1:colcon.colcon_core.package_identification:_identify(build) ignored
[1.012s] Level 1:colcon.colcon_core.package_identification:_identify(install) by extensions ['ignore', 'ignore_ament_install']
[1.012s] Level 1:colcon.colcon_core.package_identification:_identify(install) by extension 'ignore'
[1.012s] Level 1:colcon.colcon_core.package_identification:_identify(install) ignored
[1.012s] Level 1:colcon.colcon_core.package_identification:_identify(log) by extensions ['ignore', 'ignore_ament_install']
[1.012s] Level 1:colcon.colcon_core.package_identification:_identify(log) by extension 'ignore'
[1.012s] Level 1:colcon.colcon_core.package_identification:_identify(log) ignored
[1.012s] Level 1:colcon.colcon_core.package_identification:_identify(process_signal) by extensions ['ignore', 'ignore_ament_install']
[1.012s] Level 1:colcon.colcon_core.package_identification:_identify(process_signal) by extension 'ignore'
[1.012s] Level 1:colcon.colcon_core.package_identification:_identify(process_signal) by extension 'ignore_ament_install'
[1.012s] Level 1:colcon.colcon_core.package_identification:_identify(process_signal) by extensions ['colcon_pkg']
[1.012s] Level 1:colcon.colcon_core.package_identification:_identify(process_signal) by extension 'colcon_pkg'
[1.012s] Level 1:colcon.colcon_core.package_identification:_identify(process_signal) by extensions ['colcon_meta']
[1.012s] Level 1:colcon.colcon_core.package_identification:_identify(process_signal) by extension 'colcon_meta'
[1.013s] Level 1:colcon.colcon_core.package_identification:_identify(process_signal) by extensions ['ros']
[1.013s] Level 1:colcon.colcon_core.package_identification:_identify(process_signal) by extension 'ros'
[1.013s] DEBUG:colcon.colcon_core.package_identification:Package 'process_signal' with type 'ros.ament_python' and name 'process_signal'
[1.013s] Level 1:colcon.colcon_core.package_identification:_identify(signal_msg) by extensions ['ignore', 'ignore_ament_install']
[1.013s] Level 1:colcon.colcon_core.package_identification:_identify(signal_msg) by extension 'ignore'
[1.014s] Level 1:colcon.colcon_core.package_identification:_identify(signal_msg) by extension 'ignore_ament_install'
[1.014s] Level 1:colcon.colcon_core.package_identification:_identify(signal_msg) by extensions ['colcon_pkg']
[1.014s] Level 1:colcon.colcon_core.package_identification:_identify(signal_msg) by extension 'colcon_pkg'
[1.014s] Level 1:colcon.colcon_core.package_identification:_identify(signal_msg) by extensions ['colcon_meta']
[1.014s] Level 1:colcon.colcon_core.package_identification:_identify(signal_msg) by extension 'colcon_meta'
[1.014s] Level 1:colcon.colcon_core.package_identification:_identify(signal_msg) by extensions ['ros']
[1.014s] Level 1:colcon.colcon_core.package_identification:_identify(signal_msg) by extension 'ros'
[1.014s] DEBUG:colcon.colcon_core.package_identification:Package 'signal_msg' with type 'ros.ament_cmake' and name 'signal_msg'
[1.014s] Level 1:colcon.colcon_core.package_discovery:discover_packages(recursive) using defaults
[1.014s] Level 1:colcon.colcon_core.package_discovery:discover_packages(ignore) discover
[1.014s] Level 1:colcon.colcon_core.package_discovery:discover_packages(ignore) using defaults
[1.014s] Level 1:colcon.colcon_core.package_discovery:discover_packages(path) discover
[1.014s] Level 1:colcon.colcon_core.package_discovery:discover_packages(path) using defaults
[1.100s] Level 1:colcon.colcon_core.package_discovery:discover_packages(prefix_path) check parameters
[1.100s] Level 1:colcon.colcon_core.package_discovery:discover_packages(prefix_path) discover
[1.129s] DEBUG:colcon.colcon_installed_package_information.package_discovery:Found 18 installed packages in /home/mcr2/ros2_utilities_ws/install
[1.143s] DEBUG:colcon.colcon_installed_package_information.package_discovery:Found 345 installed packages in /opt/ros/humble
[1.144s] Level 1:colcon.colcon_core.package_discovery:discover_packages(prefix_path) using defaults
[1.246s] Level 5:colcon.colcon_core.verb:set package 'basic_comms' build argument 'cmake_args' from command line to 'None'
[1.246s] Level 5:colcon.colcon_core.verb:set package 'basic_comms' build argument 'cmake_target' from command line to 'None'
[1.246s] Level 5:colcon.colcon_core.verb:set package 'basic_comms' build argument 'cmake_target_skip_unavailable' from command line to 'False'
[1.246s] Level 5:colcon.colcon_core.verb:set package 'basic_comms' build argument 'cmake_clean_cache' from command line to 'False'
[1.246s] Level 5:colcon.colcon_core.verb:set package 'basic_comms' build argument 'cmake_clean_first' from command line to 'False'
[1.246s] Level 5:colcon.colcon_core.verb:set package 'basic_comms' build argument 'cmake_force_configure' from command line to 'False'
[1.246s] Level 5:colcon.colcon_core.verb:set package 'basic_comms' build argument 'ament_cmake_args' from command line to 'None'
[1.246s] Level 5:colcon.colcon_core.verb:set package 'basic_comms' build argument 'catkin_cmake_args' from command line to 'None'
[1.246s] Level 5:colcon.colcon_core.verb:set package 'basic_comms' build argument 'catkin_skip_building_tests' from command line to 'False'
[1.246s] DEBUG:colcon.colcon_core.verb:Building package 'basic_comms' with the following arguments: {'ament_cmake_args': None, 'build_base': '/home/mcr2/ros2_ws/src/build/basic_comms', 'catkin_cmake_args': None, 'catkin_skip_building_tests': False, 'cmake_args': None, 'cmake_clean_cache': False, 'cmake_clean_first': False, 'cmake_force_configure': False, 'cmake_target': None, 'cmake_target_skip_unavailable': False, 'install_base': '/home/mcr2/ros2_ws/src/install/basic_comms', 'merge_install': False, 'path': '/home/mcr2/ros2_ws/src/basic_comms', 'symlink_install': False, 'test_result_base': None}
[1.260s] Level 5:colcon.colcon_core.verb:set package 'signal_msg' build argument 'cmake_args' from command line to 'None'
[1.260s] Level 5:colcon.colcon_core.verb:set package 'signal_msg' build argument 'cmake_target' from command line to 'None'
[1.260s] Level 5:colcon.colcon_core.verb:set package 'signal_msg' build argument 'cmake_target_skip_unavailable' from command line to 'False'
[1.260s] Level 5:colcon.colcon_core.verb:set package 'signal_msg' build argument 'cmake_clean_cache' from command line to 'False'
[1.260s] Level 5:colcon.colcon_core.verb:set package 'signal_msg' build argument 'cmake_clean_first' from command line to 'False'
[1.260s] Level 5:colcon.colcon_core.verb:set package 'signal_msg' build argument 'cmake_force_configure' from command line to 'False'
[1.260s] Level 5:colcon.colcon_core.verb:set package 'signal_msg' build argument 'ament_cmake_args' from command line to 'None'
[1.260s] Level 5:colcon.colcon_core.verb:set package 'signal_msg' build argument 'catkin_cmake_args' from command line to 'None'
[1.260s] Level 5:colcon.colcon_core.verb:set package 'signal_msg' build argument 'catkin_skip_building_tests' from command line to 'False'
[1.261s] DEBUG:colcon.colcon_core.verb:Building package 'signal_msg' with the following arguments: {'ament_cmake_args': None, 'build_base': '/home/mcr2/ros2_ws/src/build/signal_msg', 'catkin_cmake_args': None, 'catkin_skip_building_tests': False, 'cmake_args': None, 'cmake_clean_cache': False, 'cmake_clean_first': False, 'cmake_force_configure': False, 'cmake_target': None, 'cmake_target_skip_unavailable': False, 'install_base': '/home/mcr2/ros2_ws/src/install/signal_msg', 'merge_install': False, 'path': '/home/mcr2/ros2_ws/src/signal_msg', 'symlink_install': False, 'test_result_base': None}
[1.274s] Level 5:colcon.colcon_core.verb:set package 'process_signal' build argument 'cmake_args' from command line to 'None'
[1.274s] Level 5:colcon.colcon_core.verb:set package 'process_signal' build argument 'cmake_target' from command line to 'None'
[1.274s] Level 5:colcon.colcon_core.verb:set package 'process_signal' build argument 'cmake_target_skip_unavailable' from command line to 'False'
[1.275s] Level 5:colcon.colcon_core.verb:set package 'process_signal' build argument 'cmake_clean_cache' from command line to 'False'
[1.275s] Level 5:colcon.colcon_core.verb:set package 'process_signal' build argument 'cmake_clean_first' from command line to 'False'
[1.275s] Level 5:colcon.colcon_core.verb:set package 'process_signal' build argument 'cmake_force_configure' from command line to 'False'
[1.275s] Level 5:colcon.colcon_core.verb:set package 'process_signal' build argument 'ament_cmake_args' from command line to 'None'
[1.275s] Level 5:colcon.colcon_core.verb:set package 'process_signal' build argument 'catkin_cmake_args' from command line to 'None'
[1.275s] Level 5:colcon.colcon_core.verb:set package 'process_signal' build argument 'catkin_skip_building_tests' from command line to 'False'
[1.275s] DEBUG:colcon.colcon_core.verb:Building package 'process_signal' with the following arguments: {'ament_cmake_args': None, 'build_base': '/home/mcr2/ros2_ws/src/build/process_signal', 'catkin_cmake_args': None, 'catkin_skip_building_tests': False, 'cmake_args': None, 'cmake_clean_cache': False, 'cmake_clean_first': False, 'cmake_force_configure': False, 'cmake_target': None, 'cmake_target_skip_unavailable': False, 'install_base': '/home/mcr2/ros2_ws/src/install/process_signal', 'merge_install': False, 'path': '/home/mcr2/ros2_ws/src/process_signal', 'symlink_install': False, 'test_result_base': None}
[1.288s] INFO:colcon.colcon_core.executor:Executing jobs using 'parallel' executor
[1.303s] DEBUG:colcon.colcon_parallel_executor.executor.parallel:run_until_complete
[1.303s] INFO:colcon.colcon_ros.task.ament_cmake.build:Building ROS package in '/home/mcr2/ros2_ws/src/signal_msg' with build type 'ament_cmake'
[1.303s] INFO:colcon.colcon_cmake.task.cmake.build:Building CMake package in '/home/mcr2/ros2_ws/src/signal_msg'
[1.320s] INFO:colcon.colcon_core.plugin_system:Skipping extension 'colcon_core.shell.bat': Not used on non-Windows systems
[1.320s] INFO:colcon.colcon_core.shell:Skip shell extension 'powershell' for command environment: Not usable outside of PowerShell
[1.320s] DEBUG:colcon.colcon_core.shell:Skip shell extension 'dsv' for command environment
[1.372s] INFO:colcon.colcon_ros.task.ament_python.build:Building ROS package in '/home/mcr2/ros2_ws/src/basic_comms' with build type 'ament_python'
[1.372s] Level 1:colcon.colcon_core.shell:create_environment_hook('basic_comms', 'ament_prefix_path')
[1.388s] INFO:colcon.colcon_core.shell:Creating environment hook '/home/mcr2/ros2_ws/src/install/basic_comms/share/basic_comms/hook/ament_prefix_path.ps1'
[1.388s] INFO:colcon.colcon_core.shell:Creating environment descriptor '/home/mcr2/ros2_ws/src/install/basic_comms/share/basic_comms/hook/ament_prefix_path.dsv'
[1.389s] INFO:colcon.colcon_core.shell:Creating environment hook '/home/mcr2/ros2_ws/src/install/basic_comms/share/basic_comms/hook/ament_prefix_path.sh'
[1.408s] INFO:colcon.colcon_core.shell:Skip shell extension 'powershell' for command environment: Not usable outside of PowerShell
[1.408s] DEBUG:colcon.colcon_core.shell:Skip shell extension 'dsv' for command environment
[1.464s] DEBUG:colcon.colcon_core.event_handler.log_command:Invoking command in '/home/mcr2/ros2_ws/src/build/signal_msg': CMAKE_PREFIX_PATH=${CMAKE_PREFIX_PATH}:/opt/ros/humble /usr/bin/cmake /home/mcr2/ros2_ws/src/signal_msg -DCMAKE_INSTALL_PREFIX=/home/mcr2/ros2_ws/src/install/signal_msg
[1.737s] INFO:colcon.colcon_core.task.python.build:Building Python package in '/home/mcr2/ros2_ws/src/basic_comms'
[1.756s] INFO:colcon.colcon_core.shell:Skip shell extension 'powershell' for command environment: Not usable outside of PowerShell
[1.756s] DEBUG:colcon.colcon_core.shell:Skip shell extension 'dsv' for command environment
[2.162s] DEBUG:colcon.colcon_core.event_handler.log_command:Invoking command in '/home/mcr2/ros2_ws/src/basic_comms': PYTHONPATH=/home/mcr2/ros2_ws/src/build/basic_comms/prefix_override:/home/mcr2/ros2_ws/src/install/basic_comms/lib/python3.10/site-packages:${PYTHONPATH} /usr/bin/python3 setup.py egg_info --egg-base ../build/basic_comms build --build-base /home/mcr2/ros2_ws/src/build/basic_comms/build install --record /home/mcr2/ros2_ws/src/build/basic_comms/install.log --single-version-externally-managed
[2.435s] DEBUG:colcon.colcon_core.event_handler.log_command:Invoked command in '/home/mcr2/ros2_ws/src/basic_comms' returned '0': PYTHONPATH=/home/mcr2/ros2_ws/src/build/basic_comms/prefix_override:/home/mcr2/ros2_ws/src/install/basic_comms/lib/python3.10/site-packages:${PYTHONPATH} /usr/bin/python3 setup.py egg_info --egg-base ../build/basic_comms build --build-base /home/mcr2/ros2_ws/src/build/basic_comms/build install --record /home/mcr2/ros2_ws/src/build/basic_comms/install.log --single-version-externally-managed
[2.456s] Level 1:colcon.colcon_core.environment:checking '/home/mcr2/ros2_ws/src/install/basic_comms' for CMake module files
[2.456s] Level 1:colcon.colcon_core.environment:checking '/home/mcr2/ros2_ws/src/install/basic_comms' for CMake config files
[2.457s] Level 1:colcon.colcon_core.environment:checking '/home/mcr2/ros2_ws/src/install/basic_comms/lib'
[2.457s] Level 1:colcon.colcon_core.environment:checking '/home/mcr2/ros2_ws/src/install/basic_comms/bin'
[2.457s] Level 1:colcon.colcon_core.environment:checking '/home/mcr2/ros2_ws/src/install/basic_comms/lib/pkgconfig/basic_comms.pc'
[2.457s] Level 1:colcon.colcon_core.environment:checking '/home/mcr2/ros2_ws/src/install/basic_comms/lib/python3.10/site-packages'
[2.457s] Level 1:colcon.colcon_core.shell:create_environment_hook('basic_comms', 'pythonpath')
[2.472s] INFO:colcon.colcon_core.shell:Creating environment hook '/home/mcr2/ros2_ws/src/install/basic_comms/share/basic_comms/hook/pythonpath.ps1'
[2.472s] INFO:colcon.colcon_core.shell:Creating environment descriptor '/home/mcr2/ros2_ws/src/install/basic_comms/share/basic_comms/hook/pythonpath.dsv'
[2.472s] INFO:colcon.colcon_core.shell:Creating environment hook '/home/mcr2/ros2_ws/src/install/basic_comms/share/basic_comms/hook/pythonpath.sh'
[2.473s] Level 1:colcon.colcon_core.environment:checking '/home/mcr2/ros2_ws/src/install/basic_comms/bin'
[2.473s] Level 1:colcon.colcon_core.environment:create_environment_scripts_only(basic_comms)
[2.488s] INFO:colcon.colcon_core.shell:Creating package script '/home/mcr2/ros2_ws/src/install/basic_comms/share/basic_comms/package.ps1'
[2.488s] INFO:colcon.colcon_core.shell:Creating package descriptor '/home/mcr2/ros2_ws/src/install/basic_comms/share/basic_comms/package.dsv'
[2.489s] INFO:colcon.colcon_core.shell:Creating package script '/home/mcr2/ros2_ws/src/install/basic_comms/share/basic_comms/package.sh'
[2.489s] INFO:colcon.colcon_core.shell:Creating package script '/home/mcr2/ros2_ws/src/install/basic_comms/share/basic_comms/package.bash'
[2.490s] INFO:colcon.colcon_core.shell:Creating package script '/home/mcr2/ros2_ws/src/install/basic_comms/share/basic_comms/package.zsh'
[2.490s] Level 1:colcon.colcon_core.environment:create_file_with_runtime_dependencies(/home/mcr2/ros2_ws/src/install/basic_comms/share/colcon-core/packages/basic_comms)
[3.345s] DEBUG:colcon.colcon_core.event_handler.log_command:Invoked command in '/home/mcr2/ros2_ws/src/build/signal_msg' returned '0': CMAKE_PREFIX_PATH=${CMAKE_PREFIX_PATH}:/opt/ros/humble /usr/bin/cmake /home/mcr2/ros2_ws/src/signal_msg -DCMAKE_INSTALL_PREFIX=/home/mcr2/ros2_ws/src/install/signal_msg
[3.347s] DEBUG:colcon.colcon_core.event_handler.log_command:Invoking command in '/home/mcr2/ros2_ws/src/build/signal_msg': CMAKE_PREFIX_PATH=${CMAKE_PREFIX_PATH}:/opt/ros/humble /usr/bin/cmake --build /home/mcr2/ros2_ws/src/build/signal_msg -- -j6 -l6
[5.432s] DEBUG:colcon.colcon_core.event_handler.log_command:Invoked command in '/home/mcr2/ros2_ws/src/build/signal_msg' returned '0': CMAKE_PREFIX_PATH=${CMAKE_PREFIX_PATH}:/opt/ros/humble /usr/bin/cmake --build /home/mcr2/ros2_ws/src/build/signal_msg -- -j6 -l6
[5.507s] DEBUG:colcon.colcon_core.event_handler.log_command:Invoking command in '/home/mcr2/ros2_ws/src/build/signal_msg': CMAKE_PREFIX_PATH=${CMAKE_PREFIX_PATH}:/opt/ros/humble /usr/bin/cmake --install /home/mcr2/ros2_ws/src/build/signal_msg
[5.565s] Level 1:colcon.colcon_core.environment:create_environment_scripts_only(signal_msg)
[5.566s] DEBUG:colcon.colcon_core.event_handler.log_command:Invoked command in '/home/mcr2/ros2_ws/src/build/signal_msg' returned '0': CMAKE_PREFIX_PATH=${CMAKE_PREFIX_PATH}:/opt/ros/humble /usr/bin/cmake --install /home/mcr2/ros2_ws/src/build/signal_msg
[5.584s] Level 1:colcon.colcon_core.environment:checking '/home/mcr2/ros2_ws/src/install/signal_msg' for CMake module files
[5.584s] Level 1:colcon.colcon_core.environment:checking '/home/mcr2/ros2_ws/src/install/signal_msg' for CMake config files
[5.585s] Level 1:colcon.colcon_core.shell:create_environment_hook('signal_msg', 'cmake_prefix_path')
[5.599s] INFO:colcon.colcon_core.shell:Creating environment hook '/home/mcr2/ros2_ws/src/install/signal_msg/share/signal_msg/hook/cmake_prefix_path.ps1'
[5.599s] INFO:colcon.colcon_core.shell:Creating environment descriptor '/home/mcr2/ros2_ws/src/install/signal_msg/share/signal_msg/hook/cmake_prefix_path.dsv'
[5.599s] INFO:colcon.colcon_core.shell:Creating environment hook '/home/mcr2/ros2_ws/src/install/signal_msg/share/signal_msg/hook/cmake_prefix_path.sh'
[5.600s] Level 1:colcon.colcon_core.environment:checking '/home/mcr2/ros2_ws/src/install/signal_msg/lib'
[5.600s] Level 1:colcon.colcon_core.shell:create_environment_hook('signal_msg', 'ld_library_path_lib')
[5.613s] INFO:colcon.colcon_core.shell:Creating environment hook '/home/mcr2/ros2_ws/src/install/signal_msg/share/signal_msg/hook/ld_library_path_lib.ps1'
[5.614s] INFO:colcon.colcon_core.shell:Creating environment descriptor '/home/mcr2/ros2_ws/src/install/signal_msg/share/signal_msg/hook/ld_library_path_lib.dsv'
[5.614s] INFO:colcon.colcon_core.shell:Creating environment hook '/home/mcr2/ros2_ws/src/install/signal_msg/share/signal_msg/hook/ld_library_path_lib.sh'
[5.614s] Level 1:colcon.colcon_core.environment:checking '/home/mcr2/ros2_ws/src/install/signal_msg/bin'
[5.614s] Level 1:colcon.colcon_core.environment:checking '/home/mcr2/ros2_ws/src/install/signal_msg/lib/pkgconfig/signal_msg.pc'
[5.615s] Level 1:colcon.colcon_core.environment:checking '/home/mcr2/ros2_ws/src/install/signal_msg/lib/python3.10/site-packages'
[5.615s] Level 1:colcon.colcon_core.environment:checking '/home/mcr2/ros2_ws/src/install/signal_msg/bin'
[5.629s] INFO:colcon.colcon_core.shell:Creating package script '/home/mcr2/ros2_ws/src/install/signal_msg/share/signal_msg/package.ps1'
[5.629s] INFO:colcon.colcon_core.shell:Creating package descriptor '/home/mcr2/ros2_ws/src/install/signal_msg/share/signal_msg/package.dsv'
[5.630s] INFO:colcon.colcon_core.shell:Creating package script '/home/mcr2/ros2_ws/src/install/signal_msg/share/signal_msg/package.sh'
[5.630s] INFO:colcon.colcon_core.shell:Creating package script '/home/mcr2/ros2_ws/src/install/signal_msg/share/signal_msg/package.bash'
[5.630s] INFO:colcon.colcon_core.shell:Creating package script '/home/mcr2/ros2_ws/src/install/signal_msg/share/signal_msg/package.zsh'
[5.631s] Level 1:colcon.colcon_core.environment:create_file_with_runtime_dependencies(/home/mcr2/ros2_ws/src/install/signal_msg/share/colcon-core/packages/signal_msg)
[5.711s] Level 1:colcon.colcon_core.environment:create_environment_scripts_only(signal_msg)
[5.724s] Level 1:colcon.colcon_core.environment:checking '/home/mcr2/ros2_ws/src/install/signal_msg' for CMake module files
[5.725s] Level 1:colcon.colcon_core.environment:checking '/home/mcr2/ros2_ws/src/install/signal_msg' for CMake config files
[5.725s] Level 1:colcon.colcon_core.shell:create_environment_hook('signal_msg', 'cmake_prefix_path')
[5.739s] INFO:colcon.colcon_core.shell:Creating environment hook '/home/mcr2/ros2_ws/src/install/signal_msg/share/signal_msg/hook/cmake_prefix_path.ps1'
[5.739s] INFO:colcon.colcon_core.shell:Creating environment descriptor '/home/mcr2/ros2_ws/src/install/signal_msg/share/signal_msg/hook/cmake_prefix_path.dsv'
[5.740s] INFO:colcon.colcon_core.shell:Creating environment hook '/home/mcr2/ros2_ws/src/install/signal_msg/share/signal_msg/hook/cmake_prefix_path.sh'
[5.740s] Level 1:colcon.colcon_core.environment:checking '/home/mcr2/ros2_ws/src/install/signal_msg/lib'
[5.740s] Level 1:colcon.colcon_core.shell:create_environment_hook('signal_msg', 'ld_library_path_lib')
[5.754s] INFO:colcon.colcon_core.shell:Creating environment hook '/home/mcr2/ros2_ws/src/install/signal_msg/share/signal_msg/hook/ld_library_path_lib.ps1'
[5.755s] INFO:colcon.colcon_core.shell:Creating environment descriptor '/home/mcr2/ros2_ws/src/install/signal_msg/share/signal_msg/hook/ld_library_path_lib.dsv'
[5.755s] INFO:colcon.colcon_core.shell:Creating environment hook '/home/mcr2/ros2_ws/src/install/signal_msg/share/signal_msg/hook/ld_library_path_lib.sh'
[5.756s] Level 1:colcon.colcon_core.environment:checking '/home/mcr2/ros2_ws/src/install/signal_msg/bin'
[5.756s] Level 1:colcon.colcon_core.environment:checking '/home/mcr2/ros2_ws/src/install/signal_msg/lib/pkgconfig/signal_msg.pc'
[5.756s] Level 1:colcon.colcon_core.environment:checking '/home/mcr2/ros2_ws/src/install/signal_msg/lib/python3.10/site-packages'
[5.756s] Level 1:colcon.colcon_core.environment:checking '/home/mcr2/ros2_ws/src/install/signal_msg/bin'
[5.773s] INFO:colcon.colcon_core.shell:Creating package script '/home/mcr2/ros2_ws/src/install/signal_msg/share/signal_msg/package.ps1'
[5.774s] INFO:colcon.colcon_core.shell:Creating package descriptor '/home/mcr2/ros2_ws/src/install/signal_msg/share/signal_msg/package.dsv'
[5.774s] INFO:colcon.colcon_core.shell:Creating package script '/home/mcr2/ros2_ws/src/install/signal_msg/share/signal_msg/package.sh'
[5.775s] INFO:colcon.colcon_core.shell:Creating package script '/home/mcr2/ros2_ws/src/install/signal_msg/share/signal_msg/package.bash'
[5.775s] INFO:colcon.colcon_core.shell:Creating package script '/home/mcr2/ros2_ws/src/install/signal_msg/share/signal_msg/package.zsh'
[5.775s] Level 1:colcon.colcon_core.environment:create_file_with_runtime_dependencies(/home/mcr2/ros2_ws/src/install/signal_msg/share/colcon-core/packages/signal_msg)
[5.776s] INFO:colcon.colcon_ros.task.ament_python.build:Building ROS package in '/home/mcr2/ros2_ws/src/process_signal' with build type 'ament_python'
[5.776s] Level 1:colcon.colcon_core.shell:create_environment_hook('process_signal', 'ament_prefix_path')
[5.791s] INFO:colcon.colcon_core.shell:Creating environment hook '/home/mcr2/ros2_ws/src/install/process_signal/share/process_signal/hook/ament_prefix_path.ps1'
[5.791s] INFO:colcon.colcon_core.shell:Creating environment descriptor '/home/mcr2/ros2_ws/src/install/process_signal/share/process_signal/hook/ament_prefix_path.dsv'
[5.792s] INFO:colcon.colcon_core.shell:Creating environment hook '/home/mcr2/ros2_ws/src/install/process_signal/share/process_signal/hook/ament_prefix_path.sh'
[5.807s] INFO:colcon.colcon_core.shell:Skip shell extension 'powershell' for command environment: Not usable outside of PowerShell
[5.807s] DEBUG:colcon.colcon_core.shell:Skip shell extension 'dsv' for command environment
[6.107s] INFO:colcon.colcon_core.task.python.build:Building Python package in '/home/mcr2/ros2_ws/src/process_signal'
[6.121s] INFO:colcon.colcon_core.shell:Skip shell extension 'powershell' for command environment: Not usable outside of PowerShell
[6.121s] DEBUG:colcon.colcon_core.shell:Skip shell extension 'dsv' for command environment
[6.504s] DEBUG:colcon.colcon_core.event_handler.log_command:Invoking command in '/home/mcr2/ros2_ws/src/process_signal': AMENT_PREFIX_PATH=/home/mcr2/ros2_ws/src/install/signal_msg:${AMENT_PREFIX_PATH} CMAKE_PREFIX_PATH=/home/mcr2/ros2_ws/src/install/signal_msg:${CMAKE_PREFIX_PATH} LD_LIBRARY_PATH=/home/mcr2/ros2_ws/src/install/signal_msg/lib:${LD_LIBRARY_PATH} PYTHONPATH=/home/mcr2/ros2_ws/src/build/process_signal/prefix_override:/home/mcr2/ros2_ws/src/install/process_signal/lib/python3.10/site-packages:/home/mcr2/ros2_ws/src/install/signal_msg/local/lib/python3.10/dist-packages:${PYTHONPATH} /usr/bin/python3 setup.py egg_info --egg-base ../build/process_signal build --build-base /home/mcr2/ros2_ws/src/build/process_signal/build install --record /home/mcr2/ros2_ws/src/build/process_signal/install.log --single-version-externally-managed
[6.764s] DEBUG:colcon.colcon_core.event_handler.log_command:Invoked command in '/home/mcr2/ros2_ws/src/process_signal' returned '0': AMENT_PREFIX_PATH=/home/mcr2/ros2_ws/src/install/signal_msg:${AMENT_PREFIX_PATH} CMAKE_PREFIX_PATH=/home/mcr2/ros2_ws/src/install/signal_msg:${CMAKE_PREFIX_PATH} LD_LIBRARY_PATH=/home/mcr2/ros2_ws/src/install/signal_msg/lib:${LD_LIBRARY_PATH} PYTHONPATH=/home/mcr2/ros2_ws/src/build/process_signal/prefix_override:/home/mcr2/ros2_ws/src/install/process_signal/lib/python3.10/site-packages:/home/mcr2/ros2_ws/src/install/signal_msg/local/lib/python3.10/dist-packages:${PYTHONPATH} /usr/bin/python3 setup.py egg_info --egg-base ../build/process_signal build --build-base /home/mcr2/ros2_ws/src/build/process_signal/build install --record /home/mcr2/ros2_ws/src/build/process_signal/install.log --single-version-externally-managed
[6.781s] Level 1:colcon.colcon_core.environment:checking '/home/mcr2/ros2_ws/src/install/process_signal' for CMake module files
[6.782s] Level 1:colcon.colcon_core.environment:checking '/home/mcr2/ros2_ws/src/install/process_signal' for CMake config files
[6.783s] Level 1:colcon.colcon_core.environment:checking '/home/mcr2/ros2_ws/src/install/process_signal/lib'
[6.783s] Level 1:colcon.colcon_core.environment:checking '/home/mcr2/ros2_ws/src/install/process_signal/bin'
[6.783s] Level 1:colcon.colcon_core.environment:checking '/home/mcr2/ros2_ws/src/install/process_signal/lib/pkgconfig/process_signal.pc'
[6.783s] Level 1:colcon.colcon_core.environment:checking '/home/mcr2/ros2_ws/src/install/process_signal/lib/python3.10/site-packages'
[6.783s] Level 1:colcon.colcon_core.shell:create_environment_hook('process_signal', 'pythonpath')
[6.799s] INFO:colcon.colcon_core.shell:Creating environment hook '/home/mcr2/ros2_ws/src/install/process_signal/share/process_signal/hook/pythonpath.ps1'
[6.800s] INFO:colcon.colcon_core.shell:Creating environment descriptor '/home/mcr2/ros2_ws/src/install/process_signal/share/process_signal/hook/pythonpath.dsv'
[6.800s] INFO:colcon.colcon_core.shell:Creating environment hook '/home/mcr2/ros2_ws/src/install/process_signal/share/process_signal/hook/pythonpath.sh'
[6.801s] Level 1:colcon.colcon_core.environment:checking '/home/mcr2/ros2_ws/src/install/process_signal/bin'
[6.801s] Level 1:colcon.colcon_core.environment:create_environment_scripts_only(process_signal)
[6.815s] INFO:colcon.colcon_core.shell:Creating package script '/home/mcr2/ros2_ws/src/install/process_signal/share/process_signal/package.ps1'
[6.816s] INFO:colcon.colcon_core.shell:Creating package descriptor '/home/mcr2/ros2_ws/src/install/process_signal/share/process_signal/package.dsv'
[6.816s] INFO:colcon.colcon_core.shell:Creating package script '/home/mcr2/ros2_ws/src/install/process_signal/share/process_signal/package.sh'
[6.816s] INFO:colcon.colcon_core.shell:Creating package script '/home/mcr2/ros2_ws/src/install/process_signal/share/process_signal/package.bash'
[6.817s] INFO:colcon.colcon_core.shell:Creating package script '/home/mcr2/ros2_ws/src/install/process_signal/share/process_signal/package.zsh'
[6.817s] Level 1:colcon.colcon_core.environment:create_file_with_runtime_dependencies(/home/mcr2/ros2_ws/src/install/process_signal/share/colcon-core/packages/process_signal)
[6.817s] DEBUG:colcon.colcon_parallel_executor.executor.parallel:closing loop
[6.818s] DEBUG:colcon.colcon_parallel_executor.executor.parallel:loop closed
[6.818s] DEBUG:colcon.colcon_parallel_executor.executor.parallel:run_until_complete finished with '0'
[6.818s] DEBUG:colcon.colcon_core.event_reactor:joining thread
[6.846s] INFO:colcon.colcon_core.plugin_system:Skipping extension 'colcon_notification.desktop_notification.terminal_notifier': Not used on non-Darwin systems
[6.846s] INFO:colcon.colcon_core.plugin_system:Skipping extension 'colcon_notification.desktop_notification.win32': Not used on non-Windows systems
[6.846s] INFO:colcon.colcon_notification.desktop_notification:Sending desktop notification using 'notify2'
[6.862s] DEBUG:colcon.colcon_core.event_reactor:joined thread
[6.880s] INFO:colcon.colcon_core.shell:Creating prefix script '/home/mcr2/ros2_ws/src/install/local_setup.ps1'
[6.881s] INFO:colcon.colcon_core.shell:Creating prefix util module '/home/mcr2/ros2_ws/src/install/_local_setup_util_ps1.py'
[6.882s] INFO:colcon.colcon_core.shell:Creating prefix chain script '/home/mcr2/ros2_ws/src/install/setup.ps1'
[6.901s] INFO:colcon.colcon_core.shell:Creating prefix script '/home/mcr2/ros2_ws/src/install/local_setup.sh'
[6.902s] INFO:colcon.colcon_core.shell:Creating prefix util module '/home/mcr2/ros2_ws/src/install/_local_setup_util_sh.py'
[6.904s] INFO:colcon.colcon_core.shell:Creating prefix chain script '/home/mcr2/ros2_ws/src/install/setup.sh'
[6.928s] INFO:colcon.colcon_core.shell:Creating prefix script '/home/mcr2/ros2_ws/src/install/local_setup.bash'
[6.929s] INFO:colcon.colcon_core.shell:Creating prefix chain script '/home/mcr2/ros2_ws/src/install/setup.bash'
[6.948s] INFO:colcon.colcon_core.shell:Creating prefix script '/home/mcr2/ros2_ws/src/install/local_setup.zsh'
[6.949s] INFO:colcon.colcon_core.shell:Creating prefix chain script '/home/mcr2/ros2_ws/src/install/setup.zsh'
